        -:    0:Source:/home/florin/FMI/SEM2/OOP/Lab 5/labrefacut/domain.c
        -:    0:Graph:/home/florin/FMI/SEM2/OOP/Lab 5/labrefacut/cmake-build-debug-coverage/CMakeFiles/labrefacut.dir/domain.c.gcno
        -:    0:Data:/home/florin/FMI/SEM2/OOP/Lab 5/labrefacut/cmake-build-debug-coverage/CMakeFiles/labrefacut.dir/domain.c.gcda
        -:    0:Runs:1
        -:    1:#include <string.h>
        -:    2:#include <malloc.h>
        -:    3:
        -:    4:#include "domain.h"
        -:    5:
function creeazaTranzactie called 55 returned 100% blocks executed 100%
       55:    6:Tranzactie* creeazaTranzactie(int zi, int suma, char* tip, char* descriere){
       55:    7:    Tranzactie *tr = malloc(sizeof(Tranzactie));
       55:    8:    tr->suma = suma;
       55:    9:    tr->zi = zi;
       55:   10:    tr->descriere = malloc(strlen(descriere) + 1);
       55:   11:    strncpy(tr->descriere, descriere, strlen(descriere)+1);
       55:   12:    tr->tip = malloc(strlen(tip) + 1);
       55:   13:    strncpy(tr->tip, tip, strlen(tip)+1);
       55:   14:    return tr;
       55:   14-block  0
        -:   15:}
        -:   16:
        -:   17:
function destroyTranzactie called 55 returned 100% blocks executed 100%
       55:   18:void destroyTranzactie(Tranzactie* tr){
       55:   19:    free(tr->descriere);
       55:   20:    free(tr->tip);
       55:   21:    free(tr);
       55:   22:}
        -:   23:
function copyTranzactie called 29 returned 100% blocks executed 100%
       29:   24:Tranzactie* copyTranzactie(Tranzactie* tranzactie){
       29:   25:    return creeazaTranzactie(tranzactie->zi, tranzactie->suma, tranzactie->tip, tranzactie->descriere);
       29:   25-block  0
call    0 returned 29
        -:   26:}
